<?xml version="1.0" encoding="utf-8"?><testsuites name="pytest tests"><testsuite name="pytest" errors="0" failures="0" skipped="0" tests="24" time="5.033" timestamp="2026-05-18T08:16:39.279301+00:00" hostname="agent-env-0afa6e5c-d829-41fb-a44b-71c3113b1d04"><testcase classname="backend.tests.test_admin.TestAdminAuth" name="test_admin_login" time="0.491" /><testcase classname="backend.tests.test_admin.TestAdminAuth" name="test_register_admin_rejected" time="0.127" /><testcase classname="backend.tests.test_admin.TestAdminStats" name="test_stats_requires_admin" time="0.446" /><testcase classname="backend.tests.test_admin.TestAdminStats" name="test_stats_shape" time="0.134" /><testcase classname="backend.tests.test_admin.TestAdminUsers" name="test_list_users_role_filter" time="0.448" /><testcase classname="backend.tests.test_admin.TestAdminUsers" name="test_list_users_search" time="0.146" /><testcase classname="backend.tests.test_admin.TestAdminUsers" name="test_update_user_premium" time="0.103" /><testcase classname="backend.tests.test_admin.TestAdminUsers" name="test_update_user_kyc_status" time="0.210" /><testcase classname="backend.tests.test_admin.TestAdminUsers" name="test_ban_user_blocks_protected" time="0.392" /><testcase classname="backend.tests.test_admin.TestAdminKYC" name="test_kyc_pending_no_ciphertext" time="0.336" /><testcase classname="backend.tests.test_admin.TestAdminKYC" name="test_kyc_file_admin_download" time="0.097" /><testcase classname="backend.tests.test_admin.TestAdminKYC" name="test_kyc_decision_approve" time="0.099" /><testcase classname="backend.tests.test_admin.TestAdminKYC" name="test_kyc_decision_invalid" time="0.104" /><testcase classname="backend.tests.test_admin.TestAdminMissionsPayments" name="test_missions_list" time="0.097" /><testcase classname="backend.tests.test_admin.TestAdminMissionsPayments" name="test_missions_status_filter" time="0.102" /><testcase classname="backend.tests.test_admin.TestAdminMissionsPayments" name="test_payments_shape" time="0.094" /><testcase classname="backend.tests.test_admin.TestAdminSettings" name="test_settings_default" time="0.107" /><testcase classname="backend.tests.test_admin.TestAdminSettings" name="test_set_fedapay_and_masked" time="0.246" /><testcase classname="backend.tests.test_admin.TestAdminSettings" name="test_set_platform" time="0.240" /><testcase classname="backend.tests.test_admin.TestPaymentSwitch" name="test_payment_non_mock_when_key_set" time="0.407" /><testcase classname="backend.tests.test_admin.TestWebhook" name="test_webhook_invalid_signature" time="0.101" /><testcase classname="backend.tests.test_admin.TestWebhook" name="test_webhook_valid_signature" time="0.107" /><testcase classname="backend.tests.test_admin.TestZCleanup" name="test_reset_fedapay" time="0.203" /><testcase classname="backend.tests.test_admin.TestZCleanup" name="test_admin_not_banned" time="0.097" /></testsuite></testsuites>