<?xml version="1.0" encoding="utf-8"?><testsuites name="pytest tests"><testsuite name="pytest" errors="0" failures="0" skipped="0" tests="80" time="19.018" timestamp="2026-05-18T08:45:22.675048+00:00" hostname="agent-env-0afa6e5c-d829-41fb-a44b-71c3113b1d04"><testcase classname="backend.tests.test_admin.TestAdminAuth" name="test_admin_login" time="0.347" /><testcase classname="backend.tests.test_admin.TestAdminAuth" name="test_register_admin_rejected" time="0.097" /><testcase classname="backend.tests.test_admin.TestAdminStats" name="test_stats_requires_admin" time="0.412" /><testcase classname="backend.tests.test_admin.TestAdminStats" name="test_stats_shape" time="0.100" /><testcase classname="backend.tests.test_admin.TestAdminUsers" name="test_list_users_role_filter" time="0.424" /><testcase classname="backend.tests.test_admin.TestAdminUsers" name="test_list_users_search" time="0.096" /><testcase classname="backend.tests.test_admin.TestAdminUsers" name="test_update_user_premium" time="0.111" /><testcase classname="backend.tests.test_admin.TestAdminUsers" name="test_update_user_kyc_status" time="0.199" /><testcase classname="backend.tests.test_admin.TestAdminUsers" name="test_ban_user_blocks_protected" time="0.391" /><testcase classname="backend.tests.test_admin.TestAdminKYC" name="test_kyc_pending_no_ciphertext" time="0.306" /><testcase classname="backend.tests.test_admin.TestAdminKYC" name="test_kyc_file_admin_download" time="0.100" /><testcase classname="backend.tests.test_admin.TestAdminKYC" name="test_kyc_decision_approve" time="0.096" /><testcase classname="backend.tests.test_admin.TestAdminKYC" name="test_kyc_decision_invalid" time="0.105" /><testcase classname="backend.tests.test_admin.TestAdminMissionsPayments" name="test_missions_list" time="0.104" /><testcase classname="backend.tests.test_admin.TestAdminMissionsPayments" name="test_missions_status_filter" time="0.115" /><testcase classname="backend.tests.test_admin.TestAdminMissionsPayments" name="test_payments_shape" time="0.098" /><testcase classname="backend.tests.test_admin.TestAdminSettings" name="test_settings_default" time="0.096" /><testcase classname="backend.tests.test_admin.TestAdminSettings" name="test_set_fedapay_and_masked" time="0.191" /><testcase classname="backend.tests.test_admin.TestAdminSettings" name="test_set_platform" time="0.195" /><testcase classname="backend.tests.test_admin.TestPaymentSwitch" name="test_payment_non_mock_when_key_set" time="0.400" /><testcase classname="backend.tests.test_admin.TestWebhook" name="test_webhook_invalid_signature" time="0.094" /><testcase classname="backend.tests.test_admin.TestWebhook" name="test_webhook_valid_signature" time="0.100" /><testcase classname="backend.tests.test_admin.TestZCleanup" name="test_reset_fedapay" time="0.202" /><testcase classname="backend.tests.test_admin.TestZCleanup" name="test_admin_not_banned" time="0.094" /><testcase classname="backend.tests.test_audit_impersonation.TestImpersonationToken" name="test_admin_can_impersonate_merchant" time="0.752" /><testcase classname="backend.tests.test_audit_impersonation.TestImpersonationToken" name="test_admin_can_impersonate_assistant" time="0.416" /><testcase classname="backend.tests.test_audit_impersonation.TestImpersonationToken" name="test_cannot_impersonate_admin" time="0.210" /><testcase classname="backend.tests.test_audit_impersonation.TestImpersonationToken" name="test_impersonate_missing_user" time="0.102" /><testcase classname="backend.tests.test_audit_impersonation.TestImpersonationToken" name="test_impersonate_requires_admin" time="0.102" /><testcase classname="backend.tests.test_audit_impersonation.TestAuditMiddleware" name="test_impersonated_post_creates_audit_log" time="0.700" /><testcase classname="backend.tests.test_audit_impersonation.TestAuditMiddleware" name="test_non_impersonated_post_NOT_logged" time="0.726" /><testcase classname="backend.tests.test_audit_impersonation.TestAuditMiddleware" name="test_impersonated_GET_NOT_logged" time="1.004" /><testcase classname="backend.tests.test_audit_impersonation.TestAuditMiddleware" name="test_kyc_multipart_upload_body_preview" time="0.701" /><testcase classname="backend.tests.test_audit_impersonation.TestAdminAuditLogsRBAC" name="test_audit_logs_requires_admin" time="0.093" /><testcase classname="backend.tests.test_audit_impersonation.TestAdminUserFull" name="test_full_for_merchant" time="0.119" /><testcase classname="backend.tests.test_audit_impersonation.TestAdminUserFull" name="test_full_kyc_excludes_ciphertext" time="0.107" /><testcase classname="backend.tests.test_audit_impersonation.TestAdminUserFull" name="test_full_404_for_unknown_user" time="0.101" /><testcase classname="backend.tests.test_audit_impersonation.TestAdminUserFull" name="test_full_requires_admin" time="0.104" /><testcase classname="backend.tests.test_audit_impersonation.TestPlatformSettings" name="test_put_platform_accepts_new_fields" time="0.116" /><testcase classname="backend.tests.test_audit_impersonation.TestPlatformSettings" name="test_get_settings_exposes_new_fields" time="0.108" /><testcase classname="backend.tests.test_audit_impersonation.TestPlatformSettings" name="test_public_config_no_auth" time="0.097" /><testcase classname="backend.tests.test_audit_impersonation.TestPlatformSettings" name="test_premium_subscribe_uses_config" time="0.099" /><testcase classname="backend.tests.test_audit_impersonation.TestMissionCompleteCommission" name="test_complete_no_commission_when_disabled" time="0.517" /><testcase classname="backend.tests.test_audit_impersonation.TestMissionCompleteCommission" name="test_complete_with_commission_enabled" time="0.569" /><testcase classname="backend.tests.test_audit_impersonation.TestMissionCompleteCommission" name="test_public_config_pct_when_enabled" time="0.096" /><testcase classname="backend.tests.test_audit_impersonation.TestZCleanup" name="test_reset_platform_defaults" time="0.194" /><testcase classname="backend.tests.test_fazgom_e2e.TestAuth" name="test_register_merchant" time="0.324" /><testcase classname="backend.tests.test_fazgom_e2e.TestAuth" name="test_register_assistant" time="0.324" /><testcase classname="backend.tests.test_fazgom_e2e.TestAuth" name="test_duplicate_register" time="0.100" /><testcase classname="backend.tests.test_fazgom_e2e.TestAuth" name="test_login_normalized_phone" time="0.646" /><testcase classname="backend.tests.test_fazgom_e2e.TestAuth" name="test_login_invalid" time="0.328" /><testcase classname="backend.tests.test_fazgom_e2e.TestAuth" name="test_otp_send_and_verify" time="0.245" /><testcase classname="backend.tests.test_fazgom_e2e.TestAuth" name="test_otp_verify_wrong" time="0.204" /><testcase classname="backend.tests.test_fazgom_e2e.TestAuth" name="test_me" time="0.098" /><testcase classname="backend.tests.test_fazgom_e2e.TestAuth" name="test_me_no_token" time="0.103" /><testcase classname="backend.tests.test_fazgom_e2e.TestProfile" name="test_update_profile" time="0.092" /><testcase classname="backend.tests.test_fazgom_e2e.TestKYC" name="test_kyc_merchant_forbidden" time="0.100" /><testcase classname="backend.tests.test_fazgom_e2e.TestKYC" name="test_kyc_assistant_upload" time="0.102" /><testcase classname="backend.tests.test_fazgom_e2e.TestKYC" name="test_kyc_my" time="0.100" /><testcase classname="backend.tests.test_fazgom_e2e.TestKYC" name="test_kyc_bad_format" time="0.098" /><testcase classname="backend.tests.test_fazgom_e2e.TestCash" name="test_create_and_list" time="0.416" /><testcase classname="backend.tests.test_fazgom_e2e.TestCash" name="test_summary" time="0.091" /><testcase classname="backend.tests.test_fazgom_e2e.TestStock" name="test_create_list_adjust_alerts" time="0.413" /><testcase classname="backend.tests.test_fazgom_e2e.TestCredits" name="test_create_and_pay" time="0.295" /><testcase classname="backend.tests.test_fazgom_e2e.TestReports" name="test_flash" time="0.102" /><testcase classname="backend.tests.test_fazgom_e2e.TestMissionsFlow" name="test_create_mission" time="0.102" /><testcase classname="backend.tests.test_fazgom_e2e.TestMissionsFlow" name="test_assistant_cannot_create" time="0.107" /><testcase classname="backend.tests.test_fazgom_e2e.TestMissionsFlow" name="test_feed_visible" time="0.104" /><testcase classname="backend.tests.test_fazgom_e2e.TestMissionsFlow" name="test_apply_and_duplicate" time="0.189" /><testcase classname="backend.tests.test_fazgom_e2e.TestMissionsFlow" name="test_merchant_sees_applicants" time="0.099" /><testcase classname="backend.tests.test_fazgom_e2e.TestMissionsFlow" name="test_assistant_cannot_see_applicants" time="0.099" /><testcase classname="backend.tests.test_fazgom_e2e.TestMissionsFlow" name="test_accept" time="0.192" /><testcase classname="backend.tests.test_fazgom_e2e.TestMissionsFlow" name="test_payment_init_mock" time="0.207" /><testcase classname="backend.tests.test_fazgom_e2e.TestMissionsFlow" name="test_messages" time="0.303" /><testcase classname="backend.tests.test_fazgom_e2e.TestMissionsFlow" name="test_conversations" time="0.103" /><testcase classname="backend.tests.test_fazgom_e2e.TestMissionsFlow" name="test_complete_and_payout" time="0.094" /><testcase classname="backend.tests.test_fazgom_e2e.TestMissionsFlow" name="test_reviews" time="0.472" /><testcase classname="backend.tests.test_fazgom_e2e.TestMissionsFlow" name="test_earnings" time="0.099" /><testcase classname="backend.tests.test_fazgom_e2e.TestMissionsFlow" name="test_premium" time="0.196" /><testcase classname="backend.tests.test_fazgom_e2e.TestNoObjectIdLeaks" name="test_no_underscore_id_in_responses" time="0.855" /></testsuite></testsuites>