<?xml version="1.0" encoding="utf-8"?><testsuites name="pytest tests"><testsuite name="pytest" errors="0" failures="0" skipped="0" tests="22" time="7.285" timestamp="2026-05-18T08:45:10.126482+00:00" hostname="agent-env-0afa6e5c-d829-41fb-a44b-71c3113b1d04"><testcase classname="backend.tests.test_audit_impersonation.TestImpersonationToken" name="test_admin_can_impersonate_merchant" time="0.929" /><testcase classname="backend.tests.test_audit_impersonation.TestImpersonationToken" name="test_admin_can_impersonate_assistant" time="0.441" /><testcase classname="backend.tests.test_audit_impersonation.TestImpersonationToken" name="test_cannot_impersonate_admin" time="0.201" /><testcase classname="backend.tests.test_audit_impersonation.TestImpersonationToken" name="test_impersonate_missing_user" time="0.098" /><testcase classname="backend.tests.test_audit_impersonation.TestImpersonationToken" name="test_impersonate_requires_admin" time="0.094" /><testcase classname="backend.tests.test_audit_impersonation.TestAuditMiddleware" name="test_impersonated_post_creates_audit_log" time="0.685" /><testcase classname="backend.tests.test_audit_impersonation.TestAuditMiddleware" name="test_non_impersonated_post_NOT_logged" time="0.724" /><testcase classname="backend.tests.test_audit_impersonation.TestAuditMiddleware" name="test_impersonated_GET_NOT_logged" time="0.991" /><testcase classname="backend.tests.test_audit_impersonation.TestAuditMiddleware" name="test_kyc_multipart_upload_body_preview" time="0.707" /><testcase classname="backend.tests.test_audit_impersonation.TestAdminAuditLogsRBAC" name="test_audit_logs_requires_admin" time="0.095" /><testcase classname="backend.tests.test_audit_impersonation.TestAdminUserFull" name="test_full_for_merchant" time="0.099" /><testcase classname="backend.tests.test_audit_impersonation.TestAdminUserFull" name="test_full_kyc_excludes_ciphertext" time="0.118" /><testcase classname="backend.tests.test_audit_impersonation.TestAdminUserFull" name="test_full_404_for_unknown_user" time="0.112" /><testcase classname="backend.tests.test_audit_impersonation.TestAdminUserFull" name="test_full_requires_admin" time="0.098" /><testcase classname="backend.tests.test_audit_impersonation.TestPlatformSettings" name="test_put_platform_accepts_new_fields" time="0.107" /><testcase classname="backend.tests.test_audit_impersonation.TestPlatformSettings" name="test_get_settings_exposes_new_fields" time="0.103" /><testcase classname="backend.tests.test_audit_impersonation.TestPlatformSettings" name="test_public_config_no_auth" time="0.102" /><testcase classname="backend.tests.test_audit_impersonation.TestPlatformSettings" name="test_premium_subscribe_uses_config" time="0.093" /><testcase classname="backend.tests.test_audit_impersonation.TestMissionCompleteCommission" name="test_complete_no_commission_when_disabled" time="0.508" /><testcase classname="backend.tests.test_audit_impersonation.TestMissionCompleteCommission" name="test_complete_with_commission_enabled" time="0.599" /><testcase classname="backend.tests.test_audit_impersonation.TestMissionCompleteCommission" name="test_public_config_pct_when_enabled" time="0.106" /><testcase classname="backend.tests.test_audit_impersonation.TestZCleanup" name="test_reset_platform_defaults" time="0.203" /></testsuite></testsuites>