<?xml version="1.0" encoding="utf-8"?><testsuites name="pytest tests"><testsuite name="pytest" errors="0" failures="2" skipped="0" tests="22" time="6.075" timestamp="2026-05-18T08:40:44.995915+00:00" hostname="agent-env-0afa6e5c-d829-41fb-a44b-71c3113b1d04"><testcase classname="backend.tests.test_audit_impersonation.TestImpersonationToken" name="test_admin_can_impersonate_merchant" time="0.780" /><testcase classname="backend.tests.test_audit_impersonation.TestImpersonationToken" name="test_admin_can_impersonate_assistant" time="0.420" /><testcase classname="backend.tests.test_audit_impersonation.TestImpersonationToken" name="test_cannot_impersonate_admin" time="0.197" /><testcase classname="backend.tests.test_audit_impersonation.TestImpersonationToken" name="test_impersonate_missing_user" time="0.090" /><testcase classname="backend.tests.test_audit_impersonation.TestImpersonationToken" name="test_impersonate_requires_admin" time="0.105" /><testcase classname="backend.tests.test_audit_impersonation.TestAuditMiddleware" name="test_impersonated_post_creates_audit_log" time="0.099"><failure message="AssertionError: upstream connect error or disconnect/reset before headers. reset reason: connection termination&#10;assert 503 == 200&#10; +  where 503 = &lt;Response [503]&gt;.status_code">backend/tests/test_audit_impersonation.py:145: in test_impersonated_post_creates_audit_log
    assert r.status_code == 200, r.text
E   AssertionError: upstream connect error or disconnect/reset before headers. reset reason: connection termination
E   assert 503 == 200
E    +  where 503 = &lt;Response [503]&gt;.status_code</failure></testcase><testcase classname="backend.tests.test_audit_impersonation.TestAuditMiddleware" name="test_non_impersonated_post_NOT_logged" time="0.759" /><testcase classname="backend.tests.test_audit_impersonation.TestAuditMiddleware" name="test_impersonated_GET_NOT_logged" time="1.025" /><testcase classname="backend.tests.test_audit_impersonation.TestAuditMiddleware" name="test_kyc_multipart_upload_body_preview" time="0.105"><failure message="AssertionError: KYC upload failed: 503 upstream connect error or disconnect/reset before headers. reset reason: connection termination&#10;assert 503 == 200&#10; +  where 503 = &lt;Response [503]&gt;.status_code">backend/tests/test_audit_impersonation.py:211: in test_kyc_multipart_upload_body_preview
    assert r.status_code == 200, f"KYC upload failed: {r.status_code} {r.text}"
E   AssertionError: KYC upload failed: 503 upstream connect error or disconnect/reset before headers. reset reason: connection termination
E   assert 503 == 200
E    +  where 503 = &lt;Response [503]&gt;.status_code</failure></testcase><testcase classname="backend.tests.test_audit_impersonation.TestAdminAuditLogsRBAC" name="test_audit_logs_requires_admin" time="0.100" /><testcase classname="backend.tests.test_audit_impersonation.TestAdminUserFull" name="test_full_for_merchant" time="0.117" /><testcase classname="backend.tests.test_audit_impersonation.TestAdminUserFull" name="test_full_kyc_excludes_ciphertext" time="0.101" /><testcase classname="backend.tests.test_audit_impersonation.TestAdminUserFull" name="test_full_404_for_unknown_user" time="0.096" /><testcase classname="backend.tests.test_audit_impersonation.TestAdminUserFull" name="test_full_requires_admin" time="0.103" /><testcase classname="backend.tests.test_audit_impersonation.TestPlatformSettings" name="test_put_platform_accepts_new_fields" time="0.103" /><testcase classname="backend.tests.test_audit_impersonation.TestPlatformSettings" name="test_get_settings_exposes_new_fields" time="0.094" /><testcase classname="backend.tests.test_audit_impersonation.TestPlatformSettings" name="test_public_config_no_auth" time="0.108" /><testcase classname="backend.tests.test_audit_impersonation.TestPlatformSettings" name="test_premium_subscribe_uses_config" time="0.100" /><testcase classname="backend.tests.test_audit_impersonation.TestMissionCompleteCommission" name="test_complete_no_commission_when_disabled" time="0.528" /><testcase classname="backend.tests.test_audit_impersonation.TestMissionCompleteCommission" name="test_complete_with_commission_enabled" time="0.625" /><testcase classname="backend.tests.test_audit_impersonation.TestMissionCompleteCommission" name="test_public_config_pct_when_enabled" time="0.109" /><testcase classname="backend.tests.test_audit_impersonation.TestZCleanup" name="test_reset_platform_defaults" time="0.215" /></testsuite></testsuites>