<?xml version="1.0" encoding="utf-8"?><testsuites name="pytest tests"><testsuite name="pytest" errors="0" failures="0" skipped="0" tests="34" time="7.863" timestamp="2026-05-18T07:56:57.084526+00:00" hostname="agent-env-0afa6e5c-d829-41fb-a44b-71c3113b1d04"><testcase classname="backend.tests.test_fazgom_e2e.TestAuth" name="test_register_merchant" time="0.365" /><testcase classname="backend.tests.test_fazgom_e2e.TestAuth" name="test_register_assistant" time="0.338" /><testcase classname="backend.tests.test_fazgom_e2e.TestAuth" name="test_duplicate_register" time="0.105" /><testcase classname="backend.tests.test_fazgom_e2e.TestAuth" name="test_login_normalized_phone" time="0.662" /><testcase classname="backend.tests.test_fazgom_e2e.TestAuth" name="test_login_invalid" time="0.324" /><testcase classname="backend.tests.test_fazgom_e2e.TestAuth" name="test_otp_send_and_verify" time="0.195" /><testcase classname="backend.tests.test_fazgom_e2e.TestAuth" name="test_otp_verify_wrong" time="0.230" /><testcase classname="backend.tests.test_fazgom_e2e.TestAuth" name="test_me" time="0.144" /><testcase classname="backend.tests.test_fazgom_e2e.TestAuth" name="test_me_no_token" time="0.101" /><testcase classname="backend.tests.test_fazgom_e2e.TestProfile" name="test_update_profile" time="0.097" /><testcase classname="backend.tests.test_fazgom_e2e.TestKYC" name="test_kyc_merchant_forbidden" time="0.103" /><testcase classname="backend.tests.test_fazgom_e2e.TestKYC" name="test_kyc_assistant_upload" time="0.097" /><testcase classname="backend.tests.test_fazgom_e2e.TestKYC" name="test_kyc_my" time="0.100" /><testcase classname="backend.tests.test_fazgom_e2e.TestKYC" name="test_kyc_bad_format" time="0.099" /><testcase classname="backend.tests.test_fazgom_e2e.TestCash" name="test_create_and_list" time="0.405" /><testcase classname="backend.tests.test_fazgom_e2e.TestCash" name="test_summary" time="0.104" /><testcase classname="backend.tests.test_fazgom_e2e.TestStock" name="test_create_list_adjust_alerts" time="0.406" /><testcase classname="backend.tests.test_fazgom_e2e.TestCredits" name="test_create_and_pay" time="0.300" /><testcase classname="backend.tests.test_fazgom_e2e.TestReports" name="test_flash" time="0.102" /><testcase classname="backend.tests.test_fazgom_e2e.TestMissionsFlow" name="test_create_mission" time="0.101" /><testcase classname="backend.tests.test_fazgom_e2e.TestMissionsFlow" name="test_assistant_cannot_create" time="0.100" /><testcase classname="backend.tests.test_fazgom_e2e.TestMissionsFlow" name="test_feed_visible" time="0.098" /><testcase classname="backend.tests.test_fazgom_e2e.TestMissionsFlow" name="test_apply_and_duplicate" time="0.204" /><testcase classname="backend.tests.test_fazgom_e2e.TestMissionsFlow" name="test_merchant_sees_applicants" time="0.093" /><testcase classname="backend.tests.test_fazgom_e2e.TestMissionsFlow" name="test_assistant_cannot_see_applicants" time="0.111" /><testcase classname="backend.tests.test_fazgom_e2e.TestMissionsFlow" name="test_accept" time="0.255" /><testcase classname="backend.tests.test_fazgom_e2e.TestMissionsFlow" name="test_payment_init_mock" time="0.240" /><testcase classname="backend.tests.test_fazgom_e2e.TestMissionsFlow" name="test_messages" time="0.291" /><testcase classname="backend.tests.test_fazgom_e2e.TestMissionsFlow" name="test_conversations" time="0.107" /><testcase classname="backend.tests.test_fazgom_e2e.TestMissionsFlow" name="test_complete_and_payout" time="0.103" /><testcase classname="backend.tests.test_fazgom_e2e.TestMissionsFlow" name="test_reviews" time="0.408" /><testcase classname="backend.tests.test_fazgom_e2e.TestMissionsFlow" name="test_earnings" time="0.315" /><testcase classname="backend.tests.test_fazgom_e2e.TestMissionsFlow" name="test_premium" time="0.222" /><testcase classname="backend.tests.test_fazgom_e2e.TestNoObjectIdLeaks" name="test_no_underscore_id_in_responses" time="0.867" /></testsuite></testsuites>